//  
//   --------------------------------------------------------------------------------------------------
//   -----                        GDSII STREAM DATA FOR TRANSLATED CELLS                          -----
//   --------------------------------------------------------------------------------------------------
//        CELL NAME                    PLACEMENTS   ARRAYS  POLYGONS   PATHS    TEXT   PROPERTY   NODES
//   --------------------------------------------------------------------------------------------------
//   M2M3                                     0        0        3        0        0        0        0
//   M1M2                                     0        0        3        0        0        0        0
//   ADK_poly_m1                              0        0        3        0        0        0        0
//   mux21                                    5        0      143        6        6       60        0
//   dffr                                     0        0      483        0        7      172        0
//   Register8                               16        0        0       58        0       16        0
//  
//   -----------------------------------------TOTALS---------------------------------------------------
//                                     PLACEMENTS   ARRAYS  POLYGONS   PATHS    TEXT   PROPERTY   NODES
//   --------------------------------------------------------------------------------------------------
//   UNIQUE CELLS 6                          21        0      635       64       13      248        0
//   --------------------------------------------------------------------------------------------------
//   ERRORS:0  WARNINGS:0
//   --------------------------------------------------------------------------------------------------
//  Total time for write_gdsii: cpu=00000.00 secs    wall=00000.07 secs
